2019-01-06 20:06:18 INFO  MainInterfaceController:204 - Heap is empty!
2019-01-06 20:06:25 INFO  MainInterfaceController:204 - A random element equal to -885 items was added to the heap.
2019-01-06 20:06:25 INFO  MainInterfaceController:204 - A random element equal to -779 items was added to the heap.
2019-01-06 20:06:26 INFO  MainInterfaceController:204 - A random element equal to -424 items was added to the heap.
2019-01-06 20:06:26 INFO  MainInterfaceController:204 - A random element equal to 500 items was added to the heap.
2019-01-06 20:06:26 INFO  MainInterfaceController:204 - A random element equal to 487 items was added to the heap.
2019-01-06 20:06:26 INFO  MainInterfaceController:204 - A random element equal to 15 items was added to the heap.
2019-01-06 20:06:32 INFO  MainInterfaceController:204 - A random element equal to 225 items was added to the heap.
2019-01-06 20:06:32 INFO  MainInterfaceController:204 - A random element equal to -137 items was added to the heap.
2019-01-06 20:06:33 INFO  MainInterfaceController:204 - A random element equal to 929 items was added to the heap.
2019-01-06 20:06:37 INFO  MainInterfaceController:204 - A random element equal to 821 items was added to the heap.
2019-01-06 20:06:38 INFO  MainInterfaceController:204 - The minimum element of the heap is -885.
2019-01-06 20:06:39 INFO  MainInterfaceController:204 - A random element equal to 948 items was added to the heap.
2019-01-06 20:06:40 INFO  MainInterfaceController:204 - A random element equal to 682 items was added to the heap.
2019-01-06 20:06:41 INFO  MainInterfaceController:204 - A random element equal to -125 items was added to the heap.
2019-01-06 20:06:42 INFO  MainInterfaceController:204 - A random element equal to -475 items was added to the heap.
2019-01-06 20:06:45 INFO  MainInterfaceController:204 - A random element equal to -488 items was added to the heap.
2019-01-06 20:10:37 INFO  MainInterfaceController:204 - Heap is empty!
2019-01-06 20:10:48 INFO  MainInterfaceController:204 - A random element equal to 170 items was added to the heap.
2019-01-06 20:10:49 INFO  MainInterfaceController:204 - A random element equal to -7 items was added to the heap.
2019-01-06 20:10:49 INFO  MainInterfaceController:204 - A random element equal to -725 items was added to the heap.
2019-01-06 20:10:49 INFO  MainInterfaceController:204 - A random element equal to 213 items was added to the heap.
2019-01-06 20:10:50 INFO  MainInterfaceController:204 - A random element equal to 625 items was added to the heap.
2019-01-06 20:10:50 INFO  MainInterfaceController:204 - A random element equal to 986 items was added to the heap.
2019-01-06 20:10:50 INFO  MainInterfaceController:204 - A random element equal to 404 items was added to the heap.
2019-01-06 20:10:50 INFO  MainInterfaceController:204 - A random element equal to 171 items was added to the heap.
2019-01-06 20:10:51 INFO  MainInterfaceController:204 - A random element equal to -543 items was added to the heap.
2019-01-06 20:10:56 INFO  MainInterfaceController:204 - A random element equal to 331 items was added to the heap.
2019-01-06 20:11:02 INFO  MainInterfaceController:204 - Heap was cleaned!
2019-01-06 20:11:07 INFO  MainInterfaceController:204 - A random element equal to -625 items was added to the heap.
2019-01-06 20:11:08 INFO  MainInterfaceController:204 - The minimum element of the heap is -625.
2019-01-06 20:11:09 INFO  MainInterfaceController:204 - A random element equal to -991 items was added to the heap.
2019-01-06 20:11:10 INFO  MainInterfaceController:204 - The minimum element of the heap is -991.
2019-01-06 20:11:11 INFO  MainInterfaceController:204 - Heap is empty!
2019-01-06 20:11:12 INFO  MainInterfaceController:204 - Heap is empty!
2019-01-06 20:11:18 INFO  MainInterfaceController:204 - A random element equal to -961 items was added to the heap.
2019-01-06 20:11:19 INFO  MainInterfaceController:204 - A random element equal to 446 items was added to the heap.
2019-01-06 20:11:20 INFO  MainInterfaceController:204 - The minimum element of the heap is -961.
2019-01-06 20:11:21 INFO  MainInterfaceController:204 - A random element equal to -337 items was added to the heap.
2019-01-06 20:11:22 INFO  MainInterfaceController:204 - The minimum element of the heap is -337.
2019-01-06 20:11:28 INFO  MainInterfaceController:204 - The minimum element of the heap is 446.
2019-01-06 20:11:29 INFO  MainInterfaceController:204 - Heap is empty!
2019-01-06 20:11:30 INFO  MainInterfaceController:204 - A random element equal to -854 items was added to the heap.
2019-01-06 20:11:31 INFO  MainInterfaceController:204 - A random element equal to -420 items was added to the heap.
2019-01-06 20:11:32 INFO  MainInterfaceController:204 - A random element equal to -112 items was added to the heap.
2019-01-06 20:11:33 INFO  MainInterfaceController:204 - The minimum element of the heap is -854.
2019-01-06 20:11:36 INFO  MainInterfaceController:204 - A random element equal to 879 items was added to the heap.
2019-01-06 20:11:37 INFO  MainInterfaceController:204 - A random element equal to 520 items was added to the heap.
2019-01-06 20:11:37 INFO  MainInterfaceController:204 - A random element equal to 882 items was added to the heap.
2019-01-06 20:11:37 INFO  MainInterfaceController:204 - A random element equal to -198 items was added to the heap.
2019-01-06 20:11:38 INFO  MainInterfaceController:204 - A random element equal to -939 items was added to the heap.
2019-01-06 20:11:41 INFO  MainInterfaceController:204 - Heap was cleaned!
2019-01-06 20:23:54 INFO  MainInterfaceController:204 - Heap is empty!
2019-01-06 20:24:08 INFO  MainInterfaceController:204 - Heap is empty!
